[0.019s] Invoking command in '/home/lyd/ROS2/chapter4_Service/build/demo_cpp_service': CMAKE_PREFIX_PATH=/home/lyd/ROS2/chapter4_Service/install/chapt4_interfaces:/home/lyd/ROS2/chapter4_Service/install/demo_cpp_service:/home/lyd/ROS2/chapter4_Service/install/demo_python_service:/opt/ros/humble /usr/bin/cmake --build /home/lyd/ROS2/chapter4_Service/build/demo_cpp_service -- -j4 -l4
[0.075s] [35m[1mConsolidate compiler generated dependencies of target turtle_control[0m
[0.084s] [ 25%] [32mBuilding CXX object CMakeFiles/patrol_client.dir/src/patrol_client.cpp.o[0m
[0.111s] [ 50%] [32mBuilding CXX object CMakeFiles/turtle_control.dir/src/turtle_control.cpp.o[0m
[3.265s] [01m[K/home/lyd/ROS2/chapter4_Service/Service_ws/src/demo_cpp_service/src/patrol_client.cpp:[m[K In member function ‘[01m[Krcl_interfaces::srv::SetParameters_Response_<std::allocator<void> >::SharedPtr PatrolClient::call_set_parameter(rcl_interfaces::msg::Parameter&)[m[K’:
[3.267s] [01m[K/home/lyd/ROS2/chapter4_Service/Service_ws/src/demo_cpp_service/src/patrol_client.cpp:77:9:[m[K [01;31m[Kerror: [m[Kreturn-statement with no value, in function returning ‘[01m[Krcl_interfaces::srv::SetParameters_Response_<std::allocator<void> >::SharedPtr[m[K’ {aka ‘[01m[Kstd::shared_ptr<rcl_interfaces::srv::SetParameters_Response_<std::allocator<void> > >[m[K’} [[01;31m[K]8;;https://gcc.gnu.org/onlinedocs/gcc/Warning-Options.html#index-fpermissive-fpermissive]8;;[m[K]
[3.267s]    77 |         [01;31m[Kreturn[m[K;
[3.267s]       |         [01;31m[K^~~~~~[m[K
[4.322s] gmake[2]: *** [CMakeFiles/patrol_client.dir/build.make:76：CMakeFiles/patrol_client.dir/src/patrol_client.cpp.o] 错误 1
[4.322s] gmake[1]: *** [CMakeFiles/Makefile2:165：CMakeFiles/patrol_client.dir/all] 错误 2
[4.322s] gmake[1]: *** 正在等待未完成的任务....
[9.425s] [ 75%] [32m[1mLinking CXX executable turtle_control[0m
[9.847s] [ 75%] Built target turtle_control
[9.856s] gmake: *** [Makefile:146：all] 错误 2
[9.856s] Invoked command in '/home/lyd/ROS2/chapter4_Service/build/demo_cpp_service' returned '2': CMAKE_PREFIX_PATH=/home/lyd/ROS2/chapter4_Service/install/chapt4_interfaces:/home/lyd/ROS2/chapter4_Service/install/demo_cpp_service:/home/lyd/ROS2/chapter4_Service/install/demo_python_service:/opt/ros/humble /usr/bin/cmake --build /home/lyd/ROS2/chapter4_Service/build/demo_cpp_service -- -j4 -l4
